  Source.cpp
C:\Users\Krzysztof\source\repos\arkanoidbackup\GameObject.h(33,32): warning C4244: "return": konwersja z "double" do "int", możliwa utrata danych
C:\Users\Krzysztof\source\repos\arkanoidbackup\GameObject.h(34,32): warning C4244: "return": konwersja z "double" do "int", możliwa utrata danych
C:\Program Files (x86)\Windows Kits\10\Include\10.0.22000.0\shared\minwindef.h(130,1): warning C4005: "APIENTRY": ponowna definicja makra
C:\Users\Krzysztof\source\repos\arkanoidbackup\Depedencies\GLFW\include\GLFW\glfw3.h(123,1): message : zobacz poprzednią definicję „APIENTRY”
C:\Users\Krzysztof\source\repos\arkanoidbackup\Ball.h(85,36): warning C4244: "return": konwersja z "double" do "float", możliwa utrata danych
C:\Users\Krzysztof\source\repos\arkanoidbackup\Ball.h(86,36): warning C4244: "return": konwersja z "double" do "float", możliwa utrata danych
C:\Users\Krzysztof\source\repos\arkanoidbackup\Ball.h(87,40): warning C4244: "return": konwersja z "double" do "float", możliwa utrata danych
C:\Users\Krzysztof\source\repos\arkanoidbackup\Ball.h(88,40): warning C4244: "return": konwersja z "double" do "float", możliwa utrata danych
C:\Users\Krzysztof\source\repos\arkanoidbackup\Text.h(63,21): warning C4018: "<": niezgodność typu ze znakiem/bez znaku
C:\Users\Krzysztof\source\repos\arkanoidbackup\Text.h(66,13): warning C4244: "inicjowanie": konwersja z "double" do "int", możliwa utrata danych
C:\Users\Krzysztof\source\repos\arkanoidbackup\Text.h(74,83): warning C4244: "argument": konwersja z "double" do "int", możliwa utrata danych
C:\Users\Krzysztof\source\repos\arkanoidbackup\Text.h(74,67): warning C4244: "argument": konwersja z "double" do "int", możliwa utrata danych
C:\Users\Krzysztof\source\repos\arkanoidbackup\Text.h(74,48): warning C4244: "argument": konwersja z "double" do "int", możliwa utrata danych
C:\Users\Krzysztof\source\repos\arkanoidbackup\Text.h(74,37): warning C4244: "argument": konwersja z "double" do "int", możliwa utrata danych
C:\Users\Krzysztof\source\repos\arkanoidbackup\Text.h(81,84): warning C4244: "argument": konwersja z "double" do "int", możliwa utrata danych
C:\Users\Krzysztof\source\repos\arkanoidbackup\Text.h(81,68): warning C4244: "argument": konwersja z "double" do "int", możliwa utrata danych
C:\Users\Krzysztof\source\repos\arkanoidbackup\Text.h(81,48): warning C4244: "argument": konwersja z "double" do "int", możliwa utrata danych
C:\Users\Krzysztof\source\repos\arkanoidbackup\Text.h(81,37): warning C4244: "argument": konwersja z "double" do "int", możliwa utrata danych
C:\Users\Krzysztof\source\repos\arkanoidbackup\Text.h(88,84): warning C4244: "argument": konwersja z "double" do "int", możliwa utrata danych
C:\Users\Krzysztof\source\repos\arkanoidbackup\Text.h(88,68): warning C4244: "argument": konwersja z "double" do "int", możliwa utrata danych
C:\Users\Krzysztof\source\repos\arkanoidbackup\Text.h(88,48): warning C4244: "argument": konwersja z "double" do "int", możliwa utrata danych
C:\Users\Krzysztof\source\repos\arkanoidbackup\Text.h(88,37): warning C4244: "argument": konwersja z "double" do "int", możliwa utrata danych
C:\Users\Krzysztof\source\repos\arkanoidbackup\Text.h(95,84): warning C4244: "argument": konwersja z "double" do "int", możliwa utrata danych
C:\Users\Krzysztof\source\repos\arkanoidbackup\Text.h(95,68): warning C4244: "argument": konwersja z "double" do "int", możliwa utrata danych
C:\Users\Krzysztof\source\repos\arkanoidbackup\Text.h(95,48): warning C4244: "argument": konwersja z "double" do "int", możliwa utrata danych
C:\Users\Krzysztof\source\repos\arkanoidbackup\Text.h(95,37): warning C4244: "argument": konwersja z "double" do "int", możliwa utrata danych
C:\Users\Krzysztof\source\repos\arkanoidbackup\Text.h(102,84): warning C4244: "argument": konwersja z "double" do "int", możliwa utrata danych
C:\Users\Krzysztof\source\repos\arkanoidbackup\Text.h(102,68): warning C4244: "argument": konwersja z "double" do "int", możliwa utrata danych
C:\Users\Krzysztof\source\repos\arkanoidbackup\Text.h(102,48): warning C4244: "argument": konwersja z "double" do "int", możliwa utrata danych
C:\Users\Krzysztof\source\repos\arkanoidbackup\Text.h(102,37): warning C4244: "argument": konwersja z "double" do "int", możliwa utrata danych
C:\Users\Krzysztof\source\repos\arkanoidbackup\Text.h(109,84): warning C4244: "argument": konwersja z "double" do "int", możliwa utrata danych
C:\Users\Krzysztof\source\repos\arkanoidbackup\Text.h(109,68): warning C4244: "argument": konwersja z "double" do "int", możliwa utrata danych
C:\Users\Krzysztof\source\repos\arkanoidbackup\Text.h(109,48): warning C4244: "argument": konwersja z "double" do "int", możliwa utrata danych
C:\Users\Krzysztof\source\repos\arkanoidbackup\Text.h(109,37): warning C4244: "argument": konwersja z "double" do "int", możliwa utrata danych
C:\Users\Krzysztof\source\repos\arkanoidbackup\Text.h(116,84): warning C4244: "argument": konwersja z "double" do "int", możliwa utrata danych
C:\Users\Krzysztof\source\repos\arkanoidbackup\Text.h(116,68): warning C4244: "argument": konwersja z "double" do "int", możliwa utrata danych
C:\Users\Krzysztof\source\repos\arkanoidbackup\Text.h(116,48): warning C4244: "argument": konwersja z "double" do "int", możliwa utrata danych
C:\Users\Krzysztof\source\repos\arkanoidbackup\Text.h(116,37): warning C4244: "argument": konwersja z "double" do "int", możliwa utrata danych
C:\Users\Krzysztof\source\repos\arkanoidbackup\Text.h(123,84): warning C4244: "argument": konwersja z "double" do "int", możliwa utrata danych
C:\Users\Krzysztof\source\repos\arkanoidbackup\Text.h(123,68): warning C4244: "argument": konwersja z "double" do "int", możliwa utrata danych
C:\Users\Krzysztof\source\repos\arkanoidbackup\Text.h(123,48): warning C4244: "argument": konwersja z "double" do "int", możliwa utrata danych
C:\Users\Krzysztof\source\repos\arkanoidbackup\Text.h(123,37): warning C4244: "argument": konwersja z "double" do "int", możliwa utrata danych
C:\Users\Krzysztof\source\repos\arkanoidbackup\Text.h(130,84): warning C4244: "argument": konwersja z "double" do "int", możliwa utrata danych
C:\Users\Krzysztof\source\repos\arkanoidbackup\Text.h(130,68): warning C4244: "argument": konwersja z "double" do "int", możliwa utrata danych
C:\Users\Krzysztof\source\repos\arkanoidbackup\Text.h(130,48): warning C4244: "argument": konwersja z "double" do "int", możliwa utrata danych
C:\Users\Krzysztof\source\repos\arkanoidbackup\Text.h(130,37): warning C4244: "argument": konwersja z "double" do "int", możliwa utrata danych
C:\Users\Krzysztof\source\repos\arkanoidbackup\Text.h(137,84): warning C4244: "argument": konwersja z "double" do "int", możliwa utrata danych
C:\Users\Krzysztof\source\repos\arkanoidbackup\Text.h(137,68): warning C4244: "argument": konwersja z "double" do "int", możliwa utrata danych
C:\Users\Krzysztof\source\repos\arkanoidbackup\Text.h(137,48): warning C4244: "argument": konwersja z "double" do "int", możliwa utrata danych
C:\Users\Krzysztof\source\repos\arkanoidbackup\Text.h(137,37): warning C4244: "argument": konwersja z "double" do "int", możliwa utrata danych
C:\Users\Krzysztof\source\repos\arkanoidbackup\Source.cpp(39,18): warning C4244: "=": konwersja z "double" do "float", możliwa utrata danych
C:\Users\Krzysztof\source\repos\arkanoidbackup\Source.cpp(43,64): warning C4244: "=": konwersja z "double" do "float", możliwa utrata danych
C:\Users\Krzysztof\source\repos\arkanoidbackup\Source.cpp(50,23): warning C4018: "<": niezgodność typu ze znakiem/bez znaku
C:\Users\Krzysztof\source\repos\arkanoidbackup\Source.cpp(55,52): warning C4244: "argument": konwersja z "int" do "const float", możliwa utrata danych
C:\Users\Krzysztof\source\repos\arkanoidbackup\Source.cpp(55,106): warning C4244: "argument": konwersja z "int" do "const float", możliwa utrata danych
C:\Users\Krzysztof\source\repos\arkanoidbackup\Source.cpp(56,55): warning C4244: "argument": konwersja z "int" do "const float", możliwa utrata danych
C:\Users\Krzysztof\source\repos\arkanoidbackup\Source.cpp(56,136): warning C4244: "argument": konwersja z "int" do "const float", możliwa utrata danych
C:\Users\Krzysztof\source\repos\arkanoidbackup\Source.cpp(57,55): warning C4244: "argument": konwersja z "int" do "const float", możliwa utrata danych
C:\Users\Krzysztof\source\repos\arkanoidbackup\Source.cpp(57,133): warning C4244: "argument": konwersja z "int" do "const float", możliwa utrata danych
C:\Users\Krzysztof\source\repos\arkanoidbackup\Source.cpp(58,53): warning C4244: "argument": konwersja z "int" do "const float", możliwa utrata danych
C:\Users\Krzysztof\source\repos\arkanoidbackup\Source.cpp(58,103): warning C4244: "argument": konwersja z "int" do "const float", możliwa utrata danych
C:\Users\Krzysztof\source\repos\arkanoidbackup\Source.cpp(77,35): warning C4018: "<": niezgodność typu ze znakiem/bez znaku
C:\Users\Krzysztof\source\repos\arkanoidbackup\Source.cpp(91,23): warning C4018: "<": niezgodność typu ze znakiem/bez znaku
C:\Users\Krzysztof\source\repos\arkanoidbackup\Source.cpp(96,56): warning C4244: "argument": konwersja z "int" do "const float", możliwa utrata danych
C:\Users\Krzysztof\source\repos\arkanoidbackup\Source.cpp(96,114): warning C4244: "argument": konwersja z "int" do "const float", możliwa utrata danych
C:\Users\Krzysztof\source\repos\arkanoidbackup\Source.cpp(97,59): warning C4244: "argument": konwersja z "int" do "const float", możliwa utrata danych
C:\Users\Krzysztof\source\repos\arkanoidbackup\Source.cpp(97,148): warning C4244: "argument": konwersja z "int" do "const float", możliwa utrata danych
C:\Users\Krzysztof\source\repos\arkanoidbackup\Source.cpp(98,59): warning C4244: "argument": konwersja z "int" do "const float", możliwa utrata danych
C:\Users\Krzysztof\source\repos\arkanoidbackup\Source.cpp(98,145): warning C4244: "argument": konwersja z "int" do "const float", możliwa utrata danych
C:\Users\Krzysztof\source\repos\arkanoidbackup\Source.cpp(99,57): warning C4244: "argument": konwersja z "int" do "const float", możliwa utrata danych
C:\Users\Krzysztof\source\repos\arkanoidbackup\Source.cpp(99,111): warning C4244: "argument": konwersja z "int" do "const float", możliwa utrata danych
C:\Users\Krzysztof\source\repos\arkanoidbackup\Source.cpp(116,35): warning C4018: "<": niezgodność typu ze znakiem/bez znaku
C:\Users\Krzysztof\source\repos\arkanoidbackup\Source.cpp(182,23): warning C4018: "<": niezgodność typu ze znakiem/bez znaku
C:\Users\Krzysztof\source\repos\arkanoidbackup\Source.cpp(212,31): warning C4018: "<": niezgodność typu ze znakiem/bez znaku
C:\Users\Krzysztof\source\repos\arkanoidbackup\Source.cpp(247,23): warning C4018: "<": niezgodność typu ze znakiem/bez znaku
C:\Users\Krzysztof\source\repos\arkanoidbackup\Source.cpp(378,35): warning C4018: "<": niezgodność typu ze znakiem/bez znaku
C:\Users\Krzysztof\source\repos\arkanoidbackup\Source.cpp(385,47): warning C4244: "argument": konwersja z "double" do "float", możliwa utrata danych
C:\Users\Krzysztof\source\repos\arkanoidbackup\Source.cpp(391,45): warning C4244: "argument": konwersja z "double" do "int", możliwa utrata danych
C:\Users\Krzysztof\source\repos\arkanoidbackup\Source.cpp(391,39): warning C4244: "argument": konwersja z "double" do "int", możliwa utrata danych
C:\Users\Krzysztof\source\repos\arkanoidbackup\Source.cpp(405,47): warning C4244: "=": konwersja z "double" do "float", możliwa utrata danych
  OpenGL.vcxproj -> C:\Users\Krzysztof\source\repos\arkanoidbackup\Debug\OpenGL.exe
